<?xml version="1.0" encoding="UTF-8"?>
<!-- Generated by org.testng.reporters.JUnitXMLReporter -->
<testsuite hostname="Nams-iMac-2.local" name="Default test" tests="2" failures="0" timestamp="30 Dec 2015 03:52:23 GMT" time="0.016" errors="0">
  <testcase name="@BeforeSuite setUp" time="0.0" classname="com.nvg.anibis.testcases.nativeapp.SearchTest">
    <failure type="java.lang.IllegalArgumentException" message="Invalid platform">
      <![CDATA[java.lang.IllegalArgumentException: Invalid platform
	at com.nvg.anibis.utils.CommonUtils.getApp(CommonUtils.java:108)
	at com.nvg.anibis.utils.CommonUtils.getAppPath(CommonUtils.java:116)
	at com.nvg.anibis.base.nativeapp.TestBase.setUp(TestBase.java:53)
	at sun.reflect.NativeMethodAccessorImpl.invoke0(Native Method)
	at sun.reflect.NativeMethodAccessorImpl.invoke(NativeMethodAccessorImpl.java:62)
	at sun.reflect.DelegatingMethodAccessorImpl.invoke(DelegatingMethodAccessorImpl.java:43)
	at java.lang.reflect.Method.invoke(Method.java:497)
	at org.testng.internal.MethodInvocationHelper.invokeMethod(MethodInvocationHelper.java:86)
	at org.testng.internal.Invoker.invokeConfigurationMethod(Invoker.java:514)
	at org.testng.internal.Invoker.invokeConfigurations(Invoker.java:215)
	at org.testng.internal.Invoker.invokeConfigurations(Invoker.java:142)
	at org.testng.SuiteRunner.privateRun(SuiteRunner.java:305)
	at org.testng.SuiteRunner.run(SuiteRunner.java:268)
	at org.testng.SuiteRunnerWorker.runSuite(SuiteRunnerWorker.java:52)
	at org.testng.SuiteRunnerWorker.run(SuiteRunnerWorker.java:86)
	at org.testng.TestNG.runSuitesSequentially(TestNG.java:1246)
	at org.testng.TestNG.runSuitesLocally(TestNG.java:1171)
	at org.testng.TestNG.run(TestNG.java:1066)
	at org.testng.remote.RemoteTestNG.run(RemoteTestNG.java:113)
	at org.testng.remote.RemoteTestNG.initAndRun(RemoteTestNG.java:206)
	at org.testng.remote.RemoteTestNG.main(RemoteTestNG.java:177)
]]>
    </failure>
  </testcase> <!-- @BeforeSuite setUp -->
  <testcase name="goToSearchScreen" time="0.001" classname="com.nvg.anibis.testcases.nativeapp.SearchTest">
    <skipped/>
  </testcase> <!-- goToSearchScreen -->
  <testcase name="searchKeyWordOneWord" time="0.001" classname="com.nvg.anibis.testcases.nativeapp.SearchTest">
    <skipped/>
  </testcase> <!-- searchKeyWordOneWord -->
</testsuite> <!-- Default test -->
