<?xml version="1.0" encoding="UTF-8"?>
<!-- Generated by org.testng.reporters.JUnitXMLReporter -->
<testsuite hostname="Nams-iMac-2.local" name="Account Test" tests="1" failures="1" timestamp="30 Dec 2015 10:40:53 GMT" time="38.395" errors="0">
  <testcase name="validLogInTest" time="36.504" classname="com.nvg.anibis.testcases.nativeapp.AccountTest">
    <failure type="junit.framework.AssertionFailedError" message="Cannot login!">
      <![CDATA[junit.framework.AssertionFailedError: Cannot login!
	at com.nvg.anibis.screens.nativeapp.pagefactory.LoginPage.waitForLogin(LoginPage.java:81)
	at com.nvg.anibis.screens.nativeapp.pagefactory.LoginPage.loginWith(LoginPage.java:68)
	at com.nvg.anibis.screens.nativeapp.pagefactory.LoginPage.validLogin(LoginPage.java:63)
	at com.nvg.anibis.testcases.nativeapp.AccountTest.lambda$0(AccountTest.java:30)
	at com.nvg.anibis.base.nativeapp.TestBase.executeInTryCatch(TestBase.java:49)
	at com.nvg.anibis.testcases.nativeapp.AccountTest.validLogInTest(AccountTest.java:28)
... Removed 24 stack frames]]>
    </failure>
  </testcase> <!-- validLogInTest -->
</testsuite> <!-- Account Test -->
