<?xml version="1.0" encoding="UTF-8"?>
<testsuite name="TestSuite" time="6.35" tests="1" errors="0" skipped="0" failures="1">
  <properties>
[...]
</properties>
  <testcase name="validateHomeScreenTest" classname="com.nvg.anibis.testcases.nativeapp.HomeScreenTest" time="6.35">
    <failure message="Can&apos;t locate an element by this strategy: by id or name &quot;identifier&quot;&#10;For documentation on this error, please visit: http://seleniumhq.org/exceptions/no_such_element.html&#10;Build info: version: &apos;2.48.2&apos;, revision: &apos;41bccdd10cf2c0560f637404c2d96164b67d9d67&apos;, time: &apos;2015-10-09 13:08:06&apos;&#10;System info: host: &apos;Nams-iMac-2.local&apos;, ip: &apos;192.168.1.130&apos;, os.name: &apos;Mac OS X&apos;, os.arch: &apos;x86_64&apos;, os.version: &apos;10.10.4&apos;, java.version: &apos;1.8.0_66&apos;&#10;Driver info: driver.version: unknown" type="org.openqa.selenium.NoSuchElementException"><![CDATA[org.openqa.selenium.NoSuchElementException: Can't locate an element by this strategy: by id or name "identifier"
For documentation on this error, please visit: http://seleniumhq.org/exceptions/no_such_element.html
Build info: version: '2.48.2', revision: '41bccdd10cf2c0560f637404c2d96164b67d9d67', time: '2015-10-09 13:08:06'
System info: host: 'Nams-iMac-2.local', ip: '192.168.1.130', os.name: 'Mac OS X', os.arch: 'x86_64', os.version: '10.10.4', java.version: '1.8.0_66'
Driver info: driver.version: unknown
	at io.appium.java_client.pagefactory.AppiumElementLocator.findElement(AppiumElementLocator.java:152)
	at io.appium.java_client.pagefactory.interceptors.InterceptorOfASingleElement.intercept(InterceptorOfASingleElement.java:51)
	at io.appium.java_client.android.AndroidElement$$EnhancerByCGLIB$$46406c3f.isDisplayed(<generated>)
	at com.nvg.anibis.base.nativeapp.ScreenBase.loadElements(ScreenBase.java:42)
	at com.nvg.anibis.base.nativeapp.ScreenBase.<init>(ScreenBase.java:37)
	at com.nvg.anibis.screens.nativeapp.pagefactory.HomePage.<init>(HomePage.java:26)
	at com.nvg.anibis.testcases.nativeapp.HomeScreenTest.validateHomeScreenTest(HomeScreenTest.java:14)
]]></failure>
    <system-out><![CDATA[
[INFO] Running test for the app at: /Users/xuanle/Documents/workspace/AnibisFramework/src/test/resources/app/Anibis.apk

]]></system-out>
  </testcase>
</testsuite>