<?xml version="1.0" encoding="UTF-8"?>
<testng-results skipped="0" failed="0" total="1" passed="1">
  <reporter-output>
  </reporter-output>
  <suite name="Anibis TestNG" duration-ms="22983" started-at="2016-01-04T10:37:58Z" finished-at="2016-01-04T10:38:21Z">
    <groups>
    </groups>
    <test name="Account Test" duration-ms="22983" started-at="2016-01-04T10:37:58Z" finished-at="2016-01-04T10:38:21Z">
      <class name="com.nvg.anibis.testcases.nativeapp.AccountTest">
        <test-method status="PASS" signature="setUp()[pri:0, instance:com.nvg.anibis.testcases.nativeapp.AccountTest@72d818d1]" name="setUp" is-config="true" duration-ms="111639" started-at="2016-01-04T17:36:06Z" finished-at="2016-01-04T17:37:58Z">
          <reporter-output>
          </reporter-output>
        </test-method> <!-- setUp -->
        <test-method status="PASS" signature="goToLogInScreen()[pri:0, instance:com.nvg.anibis.testcases.nativeapp.AccountTest@72d818d1]" name="goToLogInScreen" is-config="true" duration-ms="1486" started-at="2016-01-04T17:37:58Z" finished-at="2016-01-04T17:37:59Z">
          <reporter-output>
          </reporter-output>
        </test-method> <!-- goToLogInScreen -->
        <test-method status="PASS" signature="validLogInTest()[pri:0, instance:com.nvg.anibis.testcases.nativeapp.AccountTest@72d818d1]" name="validLogInTest" duration-ms="21470" started-at="2016-01-04T17:37:59Z" finished-at="2016-01-04T17:38:21Z">
          <reporter-output>
          </reporter-output>
        </test-method> <!-- validLogInTest -->
        <test-method status="PASS" signature="tearDown()[pri:0, instance:com.nvg.anibis.testcases.nativeapp.AccountTest@72d818d1]" name="tearDown" is-config="true" duration-ms="0" started-at="2016-01-04T17:38:21Z" finished-at="2016-01-04T17:38:21Z">
          <reporter-output>
          </reporter-output>
        </test-method> <!-- tearDown -->
      </class> <!-- com.nvg.anibis.testcases.nativeapp.AccountTest -->
    </test> <!-- Account Test -->
  </suite> <!-- Anibis TestNG -->
</testng-results>
