<?xml version="1.0" encoding="UTF-8"?>
<testng-results skipped="0" failed="1" total="1" passed="0">
  <reporter-output>
  </reporter-output>
  <suite name="Anibis TestNG" duration-ms="38395" started-at="2015-12-30T10:40:15Z" finished-at="2015-12-30T10:40:53Z">
    <groups>
    </groups>
    <test name="Account Test" duration-ms="38395" started-at="2015-12-30T10:40:15Z" finished-at="2015-12-30T10:40:53Z">
      <class name="com.nvg.anibis.testcases.nativeapp.AccountTest">
        <test-method status="PASS" signature="setUp()[pri:0, instance:com.nvg.anibis.testcases.nativeapp.AccountTest@72d818d1]" name="setUp" is-config="true" duration-ms="31909" started-at="2015-12-30T17:39:43Z" finished-at="2015-12-30T17:40:15Z">
          <reporter-output>
          </reporter-output>
        </test-method> <!-- setUp -->
        <test-method status="PASS" signature="goToLogInScreen()[pri:0, instance:com.nvg.anibis.testcases.nativeapp.AccountTest@72d818d1]" name="goToLogInScreen" is-config="true" duration-ms="1879" started-at="2015-12-30T17:40:15Z" finished-at="2015-12-30T17:40:17Z">
          <reporter-output>
          </reporter-output>
        </test-method> <!-- goToLogInScreen -->
        <test-method status="FAIL" signature="validLogInTest()[pri:0, instance:com.nvg.anibis.testcases.nativeapp.AccountTest@72d818d1]" name="validLogInTest" duration-ms="36504" started-at="2015-12-30T17:40:17Z" finished-at="2015-12-30T17:40:53Z">
          <exception class="junit.framework.AssertionFailedError">
            <message>
              <![CDATA[Cannot login!]]>
            </message>
            <full-stacktrace>
              <![CDATA[junit.framework.AssertionFailedError: Cannot login!
	at com.nvg.anibis.screens.nativeapp.pagefactory.LoginPage.waitForLogin(LoginPage.java:81)
	at com.nvg.anibis.screens.nativeapp.pagefactory.LoginPage.loginWith(LoginPage.java:68)
	at com.nvg.anibis.screens.nativeapp.pagefactory.LoginPage.validLogin(LoginPage.java:63)
	at com.nvg.anibis.testcases.nativeapp.AccountTest.lambda$0(AccountTest.java:30)
	at com.nvg.anibis.base.nativeapp.TestBase.executeInTryCatch(TestBase.java:49)
	at com.nvg.anibis.testcases.nativeapp.AccountTest.validLogInTest(AccountTest.java:28)
	at sun.reflect.NativeMethodAccessorImpl.invoke0(Native Method)
	at sun.reflect.NativeMethodAccessorImpl.invoke(NativeMethodAccessorImpl.java:62)
	at sun.reflect.DelegatingMethodAccessorImpl.invoke(DelegatingMethodAccessorImpl.java:43)
	at java.lang.reflect.Method.invoke(Method.java:497)
	at org.testng.internal.MethodInvocationHelper.invokeMethod(MethodInvocationHelper.java:86)
	at org.testng.internal.Invoker.invokeMethod(Invoker.java:643)
	at org.testng.internal.Invoker.invokeTestMethod(Invoker.java:820)
	at org.testng.internal.Invoker.invokeTestMethods(Invoker.java:1128)
	at org.testng.internal.TestMethodWorker.invokeTestMethods(TestMethodWorker.java:129)
	at org.testng.internal.TestMethodWorker.run(TestMethodWorker.java:112)
	at org.testng.TestRunner.privateRun(TestRunner.java:782)
	at org.testng.TestRunner.run(TestRunner.java:632)
	at org.testng.SuiteRunner.runTest(SuiteRunner.java:366)
	at org.testng.SuiteRunner.runSequentially(SuiteRunner.java:361)
	at org.testng.SuiteRunner.privateRun(SuiteRunner.java:319)
	at org.testng.SuiteRunner.run(SuiteRunner.java:268)
	at org.testng.SuiteRunnerWorker.runSuite(SuiteRunnerWorker.java:52)
	at org.testng.SuiteRunnerWorker.run(SuiteRunnerWorker.java:86)
	at org.testng.TestNG.runSuitesSequentially(TestNG.java:1246)
	at org.testng.TestNG.runSuitesLocally(TestNG.java:1171)
	at org.testng.TestNG.run(TestNG.java:1066)
	at org.testng.remote.RemoteTestNG.run(RemoteTestNG.java:113)
	at org.testng.remote.RemoteTestNG.initAndRun(RemoteTestNG.java:206)
	at org.testng.remote.RemoteTestNG.main(RemoteTestNG.java:177)
]]>
            </full-stacktrace>
          </exception> <!-- junit.framework.AssertionFailedError -->
          <reporter-output>
          </reporter-output>
        </test-method> <!-- validLogInTest -->
        <test-method status="PASS" signature="tearDown()[pri:0, instance:com.nvg.anibis.testcases.nativeapp.AccountTest@72d818d1]" name="tearDown" is-config="true" duration-ms="1" started-at="2015-12-30T17:40:53Z" finished-at="2015-12-30T17:40:53Z">
          <reporter-output>
          </reporter-output>
        </test-method> <!-- tearDown -->
      </class> <!-- com.nvg.anibis.testcases.nativeapp.AccountTest -->
    </test> <!-- Account Test -->
  </suite> <!-- Anibis TestNG -->
</testng-results>
